Determining if the pthread_create exist failed with the following output:
Change Dir: /home/lee/CLionProjects/reversi/cmake-build-debug/CMakeFiles/CMakeTmp

Run Build Command:"/usr/bin/make" "cmTC_77d3d/fast"
make[1]: Entering directory '/home/lee/CLionProjects/reversi/cmake-build-debug/CMakeFiles/CMakeTmp'
/usr/bin/make -f CMakeFiles/cmTC_77d3d.dir/build.make CMakeFiles/cmTC_77d3d.dir/build
make[2]: Entering directory '/home/lee/CLionProjects/reversi/cmake-build-debug/CMakeFiles/CMakeTmp'
Building C object CMakeFiles/cmTC_77d3d.dir/CheckSymbolExists.c.o
/usr/bin/cc    -o CMakeFiles/cmTC_77d3d.dir/CheckSymbolExists.c.o   -c /home/lee/CLionProjects/reversi/cmake-build-debug/CMakeFiles/CMakeTmp/CheckSymbolExists.c
Linking C executable cmTC_77d3d
/opt/clion-2017.2.3/bin/cmake/bin/cmake -E cmake_link_script CMakeFiles/cmTC_77d3d.dir/link.txt --verbose=1
/usr/bin/cc      -rdynamic CMakeFiles/cmTC_77d3d.dir/CheckSymbolExists.c.o  -o cmTC_77d3d 
CMakeFiles/cmTC_77d3d.dir/CheckSymbolExists.c.o: In function `main':
CheckSymbolExists.c:(.text+0x16): undefined reference to `pthread_create'
collect2: error: ld returned 1 exit status
CMakeFiles/cmTC_77d3d.dir/build.make:97: recipe for target 'cmTC_77d3d' failed
make[2]: *** [cmTC_77d3d] Error 1
make[2]: Leaving directory '/home/lee/CLionProjects/reversi/cmake-build-debug/CMakeFiles/CMakeTmp'
Makefile:126: recipe for target 'cmTC_77d3d/fast' failed
make[1]: *** [cmTC_77d3d/fast] Error 2
make[1]: Leaving directory '/home/lee/CLionProjects/reversi/cmake-build-debug/CMakeFiles/CMakeTmp'

File /home/lee/CLionProjects/reversi/cmake-build-debug/CMakeFiles/CMakeTmp/CheckSymbolExists.c:
/* */
#include <pthread.h>

int main(int argc, char** argv)
{
  (void)argv;
#ifndef pthread_create
  return ((int*)(&pthread_create))[argc];
#else
  (void)argc;
  return 0;
#endif
}

